2022/11/09 17:05:30 [notice] 1#1: using the "epoll" event method
2022/11/09 17:05:30 [notice] 1#1: nginx/1.23.2
2022/11/09 17:05:30 [notice] 1#1: built by gcc 10.2.1 20210110 (Debian 10.2.1-6) 
2022/11/09 17:05:30 [notice] 1#1: OS: Linux 5.10.104-linuxkit
2022/11/09 17:05:30 [notice] 1#1: getrlimit(RLIMIT_NOFILE): 1048576:1048576
2022/11/09 17:05:30 [notice] 1#1: start worker processes
2022/11/09 17:05:30 [notice] 1#1: start worker process 28
2022/11/09 17:05:30 [notice] 1#1: start worker process 29
2022/11/09 17:05:30 [notice] 1#1: start worker process 30
2022/11/09 17:05:30 [notice] 1#1: start worker process 31
2022/11/09 17:05:30 [notice] 1#1: start worker process 32
2022/11/09 20:32:00 [notice] 1#1: signal 3 (SIGQUIT) received, shutting down
2022/11/09 20:32:00 [notice] 29#29: gracefully shutting down
2022/11/09 20:32:00 [notice] 30#30: gracefully shutting down
2022/11/09 20:32:00 [notice] 32#32: gracefully shutting down
2022/11/09 20:32:00 [notice] 32#32: exiting
2022/11/09 20:32:00 [notice] 31#31: gracefully shutting down
2022/11/09 20:32:00 [notice] 29#29: exiting
2022/11/09 20:32:00 [notice] 30#30: exiting
2022/11/09 20:32:00 [notice] 28#28: gracefully shutting down
2022/11/09 20:32:00 [notice] 31#31: exiting
2022/11/09 20:32:00 [notice] 32#32: exit
2022/11/09 20:32:00 [notice] 29#29: exit
2022/11/09 20:32:00 [notice] 30#30: exit
2022/11/09 20:32:00 [notice] 31#31: exit
2022/11/09 20:32:00 [notice] 28#28: exiting
2022/11/09 20:32:00 [notice] 28#28: exit
2022/11/09 20:32:00 [notice] 1#1: signal 17 (SIGCHLD) received from 30
2022/11/09 20:32:00 [notice] 1#1: worker process 30 exited with code 0
2022/11/09 20:32:00 [notice] 1#1: worker process 31 exited with code 0
2022/11/09 20:32:00 [notice] 1#1: signal 29 (SIGIO) received
2022/11/09 20:32:00 [notice] 1#1: signal 17 (SIGCHLD) received from 29
2022/11/09 20:32:00 [notice] 1#1: worker process 28 exited with code 0
2022/11/09 20:32:00 [notice] 1#1: worker process 29 exited with code 0
2022/11/09 20:32:00 [notice] 1#1: worker process 32 exited with code 0
2022/11/09 20:32:00 [notice] 1#1: exit
2022/11/09 21:23:24 [notice] 1#1: using the "epoll" event method
2022/11/09 21:23:24 [notice] 1#1: nginx/1.23.2
2022/11/09 21:23:24 [notice] 1#1: built by gcc 10.2.1 20210110 (Debian 10.2.1-6) 
2022/11/09 21:23:24 [notice] 1#1: OS: Linux 5.10.104-linuxkit
2022/11/09 21:23:24 [notice] 1#1: getrlimit(RLIMIT_NOFILE): 1048576:1048576
2022/11/09 21:23:24 [notice] 1#1: start worker processes
2022/11/09 21:23:24 [notice] 1#1: start worker process 28
2022/11/09 21:23:24 [notice] 1#1: start worker process 29
2022/11/09 21:23:24 [notice] 1#1: start worker process 30
2022/11/09 21:23:24 [notice] 1#1: start worker process 31
2022/11/09 21:23:24 [notice] 1#1: start worker process 32
2022/11/09 21:55:20 [notice] 1#1: signal 3 (SIGQUIT) received, shutting down
2022/11/09 21:55:20 [notice] 29#29: gracefully shutting down
2022/11/09 21:55:20 [notice] 28#28: gracefully shutting down
2022/11/09 21:55:20 [notice] 32#32: gracefully shutting down
2022/11/09 21:55:20 [notice] 30#30: gracefully shutting down
2022/11/09 21:55:20 [notice] 30#30: exiting
2022/11/09 21:55:20 [notice] 31#31: gracefully shutting down
2022/11/09 21:55:20 [notice] 29#29: exiting
2022/11/09 21:55:20 [notice] 28#28: exiting
2022/11/09 21:55:20 [notice] 32#32: exiting
2022/11/09 21:55:20 [notice] 30#30: exit
2022/11/09 21:55:20 [notice] 31#31: exiting
2022/11/09 21:55:20 [notice] 31#31: exit
2022/11/09 21:55:20 [notice] 29#29: exit
2022/11/09 21:55:20 [notice] 28#28: exit
2022/11/09 21:55:20 [notice] 32#32: exit
2022/11/09 21:55:20 [notice] 1#1: signal 17 (SIGCHLD) received from 31
2022/11/09 21:55:20 [notice] 1#1: worker process 31 exited with code 0
2022/11/09 21:55:20 [notice] 1#1: signal 29 (SIGIO) received
2022/11/09 21:55:20 [notice] 1#1: signal 17 (SIGCHLD) received from 30
2022/11/09 21:55:20 [notice] 1#1: worker process 30 exited with code 0
2022/11/09 21:55:20 [notice] 1#1: signal 29 (SIGIO) received
2022/11/09 21:55:20 [notice] 1#1: signal 17 (SIGCHLD) received from 29
2022/11/09 21:55:20 [notice] 1#1: worker process 29 exited with code 0
2022/11/09 21:55:20 [notice] 1#1: signal 29 (SIGIO) received
2022/11/09 21:55:20 [notice] 1#1: signal 17 (SIGCHLD) received from 28
2022/11/09 21:55:20 [notice] 1#1: worker process 28 exited with code 0
2022/11/09 21:55:20 [notice] 1#1: signal 29 (SIGIO) received
2022/11/09 21:55:20 [notice] 1#1: signal 17 (SIGCHLD) received from 32
2022/11/09 21:55:20 [notice] 1#1: worker process 32 exited with code 0
2022/11/09 21:55:20 [notice] 1#1: exit
2022/11/09 21:56:48 [notice] 1#1: using the "epoll" event method
2022/11/09 21:56:48 [notice] 1#1: nginx/1.23.2
2022/11/09 21:56:48 [notice] 1#1: built by gcc 10.2.1 20210110 (Debian 10.2.1-6) 
2022/11/09 21:56:48 [notice] 1#1: OS: Linux 5.10.104-linuxkit
2022/11/09 21:56:48 [notice] 1#1: getrlimit(RLIMIT_NOFILE): 1048576:1048576
2022/11/09 21:56:48 [notice] 1#1: start worker processes
2022/11/09 21:56:48 [notice] 1#1: start worker process 27
2022/11/09 21:56:48 [notice] 1#1: start worker process 28
2022/11/09 21:56:48 [notice] 1#1: start worker process 29
2022/11/09 21:56:48 [notice] 1#1: start worker process 30
2022/11/09 21:56:48 [notice] 1#1: start worker process 31
2022/11/09 22:04:27 [notice] 1#1: using the "epoll" event method
2022/11/09 22:04:27 [notice] 1#1: nginx/1.23.2
2022/11/09 22:04:27 [notice] 1#1: built by gcc 10.2.1 20210110 (Debian 10.2.1-6) 
2022/11/09 22:04:27 [notice] 1#1: OS: Linux 5.10.104-linuxkit
2022/11/09 22:04:27 [notice] 1#1: getrlimit(RLIMIT_NOFILE): 1048576:1048576
2022/11/09 22:04:27 [notice] 1#1: start worker processes
2022/11/09 22:04:27 [notice] 1#1: start worker process 28
2022/11/09 22:04:27 [notice] 1#1: start worker process 29
2022/11/09 22:04:27 [notice] 1#1: start worker process 30
2022/11/09 22:04:27 [notice] 1#1: start worker process 31
2022/11/09 22:04:27 [notice] 1#1: start worker process 32
